<?xml version="1.0" encoding="UTF-8"?>
<testng-results skipped="0" failed="0" ignored="0" total="1" passed="1">
  <reporter-output>
    <line>
      <![CDATA[successfully build]]>
    </line>
    <line>
      <![CDATA[successfully build]]>
    </line>
    <line>
      <![CDATA[successfully build]]>
    </line>
  </reporter-output>
  <suite name="Default suite" duration-ms="180" started-at="2020-08-06T18:51:27 IST" finished-at="2020-08-06T18:51:27 IST">
    <groups>
    </groups>
    <test name="Default test" duration-ms="180" started-at="2020-08-06T18:51:27 IST" finished-at="2020-08-06T18:51:27 IST">
      <class name="com.actitme.timetrack.Demo">
        <test-method status="PASS" signature="runTest()[pri:0, instance:com.actitme.timetrack.Demo@3d99d22e]" name="runTest" duration-ms="32" started-at="2020-08-06T18:51:27 IST" finished-at="2020-08-06T18:51:27 IST">
          <reporter-output>
            <line>
              <![CDATA[successfully build]]>
            </line>
            <line>
              <![CDATA[successfully build]]>
            </line>
            <line>
              <![CDATA[successfully build]]>
            </line>
          </reporter-output>
        </test-method> <!-- runTest -->
      </class> <!-- com.actitme.timetrack.Demo -->
    </test> <!-- Default test -->
  </suite> <!-- Default suite -->
</testng-results>
